#
# A fatal error has been detected by the Java Runtime Environment:
#
#  EXCEPTION_ACCESS_VIOLATION (0xc0000005) at pc=0x00007ffe37cf88a6, pid=14484, tid=13648
#
# JRE version: OpenJDK Runtime Environment (11.0.15) (build 11.0.15+0-b2043.56-9505619)
# Java VM: OpenJDK 64-Bit Server VM (11.0.15+0-b2043.56-9505619, mixed mode, tiered, compressed oops, g1 gc, windows-amd64)
# Problematic frame:
# V  [jvm.dll+0x1a88a6]
#
# No core dump will be written. Minidumps are not enabled by default on client versions of Windows
#
# If you would like to submit a bug report, please visit:
#   https://bugreport.java.com/bugreport/crash.jsp
#

---------------  S U M M A R Y ------------

Command Line: --add-opens=java.base/java.util=ALL-UNNAMED --add-opens=java.base/java.lang=ALL-UNNAMED --add-opens=java.base/java.lang.invoke=ALL-UNNAMED --add-opens=java.base/java.util=ALL-UNNAMED --add-opens=java.prefs/java.util.prefs=ALL-UNNAMED --add-opens=java.prefs/java.util.prefs=ALL-UNNAMED --add-opens=java.base/java.nio.charset=ALL-UNNAMED --add-opens=java.base/java.net=ALL-UNNAMED --add-opens=java.base/java.util.concurrent.atomic=ALL-UNNAMED -Xmx2048m -Dfile.encoding=UTF-8 -Duser.country=RU -Duser.language=ru -Duser.variant org.gradle.launcher.daemon.bootstrap.GradleDaemon 7.5

Host: AMD Phenom(tm) II X4 965 Processor, 4 cores, 11G,  Windows 11 , 64 bit Build 22621 (10.0.22621.1194)
Time: Thu Jun  1 22:24:50 2023  Windows 11 , 64 bit Build 22621 (10.0.22621.1194) elapsed time: 518.578439 seconds (0d 0h 8m 38s)

---------------  T H R E A D  ---------------

Current thread (0x000002b3e0fdc800):  ConcurrentGCThread "G1 Conc#0" [stack: 0x000000f203500000,0x000000f203600000] [id=13648]

Stack: [0x000000f203500000,0x000000f203600000],  sp=0x000000f2035ff928,  free space=1022k
Native frames: (J=compiled Java code, j=interpreted, Vv=VM code, C=native code)
V  [jvm.dll+0x1a88a6]


siginfo: EXCEPTION_ACCESS_VIOLATION (0xc0000005), reading address 0x0000000363a37b60


Register to memory mapping:

RIP=0x00007ffe37cf88a6 jvm.dll
RAX=0x2040020400408001 is an unknown value
RBX=0x2040020400408001 is an unknown value
RCX=0x00000000855b6220 is pointing into object: [B 
{0x00000000855b6218} - klass: {type array byte}
 - length: 73
RDX=0x00000000855b6220 is pointing into object: [B 
{0x00000000855b6218} - klass: {type array byte}
 - length: 73
RSP=0x000000f2035ff928 points into unknown readable memory: 0x00007ffe37e5055d | 5d 05 e5 37 fe 7f 00 00
RBP=0x0 is NULL
RSI=0x0000000000000001 is an unknown value
RDI=0x00000000855b6220 is pointing into object: [B 
{0x00000000855b6218} - klass: {type array byte}
 - length: 73
R8 =0x2040020400408001 is an unknown value
R9 =0x0000000363a37b58 is an unknown value
R10=0x000002b3e103a590 points into unknown readable memory: 0x00007ffe38437c40 | 40 7c 43 38 fe 7f 00 00
R11=0x0000000000000246 is an unknown value
R12=0x0 is NULL
R13=0x00007ffe385ce2e0 jvm.dll
R14=0x000002b3f6806d88 points into unknown readable memory: 0x2040020400408011 | 11 80 40 00 04 02 40 20
R15=0x000002b3e0fd2ba0 points into unknown readable memory: 0x000002b3e0fdb800 | 00 b8 fd e0 b3 02 00 00


Registers:
RAX=0x2040020400408001, RBX=0x2040020400408001, RCX=0x00000000855b6220, RDX=0x00000000855b6220
RSP=0x000000f2035ff928, RBP=0x0000000000000000, RSI=0x0000000000000001, RDI=0x00000000855b6220
R8 =0x2040020400408001, R9 =0x0000000363a37b58, R10=0x000002b3e103a590, R11=0x0000000000000246
R12=0x0000000000000000, R13=0x00007ffe385ce2e0, R14=0x000002b3f6806d88, R15=0x000002b3e0fd2ba0
RIP=0x00007ffe37cf88a6, EFLAGS=0x0000000000010202

Top of Stack: (sp=0x000000f2035ff928)
0x000000f2035ff928:   00007ffe37e5055d 0000000100005c58
0x000000f2035ff938:   000000008af00000 000000008adbf470
0x000000f2035ff948:   0000000000000000 000000f2034ff4a0
0x000000f2035ff958:   0000000000000000 000000f2035ff9c0
0x000000f2035ff968:   00007ffe37e553a8 000000008adc0498
0x000000f2035ff978:   000000008adc0d44 000002b3e0fd2c48
0x000000f2035ff988:   000000008ae00000 0000000000000317
0x000000f2035ff998:   00007ffe37e5d374 0000000100013390
0x000000f2035ff9a8:   000000008adbf490 000000008ae00000
0x000000f2035ff9b8:   0000000000000000 00007ffe3842bc18
0x000000f2035ff9c8:   0000000000000000 000002b3e0f9d5b0
0x000000f2035ff9d8:   000002b3e0fd2ba0 0000000000000000
0x000000f2035ff9e8:   00007ffe3835314b 0000000000000000
0x000000f2035ff9f8:   00000000000075a3 0000000000000000
0x000000f2035ffa08:   000002b3e0fdc800 0000000000000000
0x000000f2035ffa18:   00007ffe38352c20 000002b3e0fdc800 

Instructions: (pc=0x00007ffe37cf88a6)
0x00007ffe37cf87a6:   eb 04 48 8b 43 08 81 78 08 00 00 00 c0 0f 83 81
0x00007ffe37cf87b6:   00 00 00 48 8b 4f 38 48 8b d3 48 8b 01 ff 50 20
0x00007ffe37cf87c6:   84 c0 75 70 38 05 d1 e7 93 00 74 15 8b 53 08 8b
0x00007ffe37cf87d6:   0d 7d 2f 8f 00 48 d3 e2 48 03 15 6b 2f 8f 00 eb
0x00007ffe37cf87e6:   04 48 8b 53 08 48 8b cb 48 89 5c 24 20 e8 a8 00
0x00007ffe37cf87f6:   00 00 80 7f 30 00 48 63 c8 48 89 4c 24 28 74 1c
0x00007ffe37cf8806:   0f 10 44 24 20 0f 11 86 98 03 00 00 48 8b 5c 24
0x00007ffe37cf8816:   40 48 8b 74 24 48 48 83 c4 30 5f c3 48 8b 07 48
0x00007ffe37cf8826:   8d 54 24 20 48 89 4c 24 28 48 8b cf 48 89 5c 24
0x00007ffe37cf8836:   20 ff 50 38 48 8b 5c 24 40 48 8b 74 24 48 48 83
0x00007ffe37cf8846:   c4 30 5f c3 cc cc cc cc cc cc 48 8b 49 38 48 8b
0x00007ffe37cf8856:   01 48 ff 60 28 cc cc cc cc cc 80 3d 3a e7 93 00
0x00007ffe37cf8866:   00 48 8b c1 74 1b 8b 51 08 8b 0d e3 2e 8f 00 48
0x00007ffe37cf8876:   d3 e2 48 8b c8 48 03 15 ce 2e 8f 00 e9 19 00 00
0x00007ffe37cf8886:   00 48 8b 51 08 48 8b c8 e9 0d 00 00 00 cc cc cc
0x00007ffe37cf8896:   cc cc cc cc cc cc cc cc cc cc 4c 8b ca 48 8b d1
0x00007ffe37cf88a6:   45 8b 41 08 45 85 c0 7e 0e 41 f6 c0 01 75 56 41
0x00007ffe37cf88b6:   c1 f8 03 41 8b c0 c3 79 4c 80 3d db e6 93 00 00
0x00007ffe37cf88c6:   b8 0c 00 00 00 b9 10 00 00 00 0f 45 c8 8b 05 9b
0x00007ffe37cf88d6:   5e 8d 00 ff c8 4c 63 c8 48 63 14 11 41 8b c8 83
0x00007ffe37cf88e6:   e1 3f 48 d3 e2 41 8b c8 48 c1 f9 10 0f b6 c1 49
0x00007ffe37cf88f6:   8d 0c 11 49 f7 d1 48 03 c1 49 c1 e9 03 48 c1 e8
0x00007ffe37cf8906:   03 41 23 c1 c3 49 8b 01 49 8b c9 48 ff a0 10 01
0x00007ffe37cf8916:   00 00 cc cc cc cc cc cc cc cc 48 8b c2 c3 cc cc
0x00007ffe37cf8926:   cc cc cc cc cc cc cc cc cc cc 48 83 ec 38 48 8b
0x00007ffe37cf8936:   c1 48 8b 49 38 80 79 08 00 74 05 90 48 8b 48 38
0x00007ffe37cf8946:   0f 10 02 48 8d 54 24 20 0f 29 44 24 20 e8 28 f0
0x00007ffe37cf8956:   ff ff 48 83 c4 38 c3 cc cc cc 48 83 ec 38 0f 10
0x00007ffe37cf8966:   02 48 8b 01 48 8d 54 24 20 0f 29 44 24 20 ff 50
0x00007ffe37cf8976:   38 48 83 c4 38 c3 cc cc cc cc 48 89 5c 24 08 55
0x00007ffe37cf8986:   56 57 41 54 41 55 41 56 41 57 48 8d 6c 24 e0 48
0x00007ffe37cf8996:   81 ec 20 01 00 00 48 8b 05 85 b6 90 00 48 33 c4 


Stack slot to memory mapping:
stack at sp + 0 slots: 0x00007ffe37e5055d jvm.dll
stack at sp + 1 slots: 0x0000000100005c58 is a pointer to class: 
java.lang.ref.WeakReference {0x0000000100005c60}
stack at sp + 2 slots: 0x000000008af00000 is an oop: java.lang.String 
{0x000000008af00000} - klass: 'java/lang/String'
stack at sp + 3 slots: 0x000000008adbf470 is an oop: com.google.common.collect.RegularImmutableSet 
{0x000000008adbf470} - klass: 'com/google/common/collect/RegularImmutableSet'
stack at sp + 4 slots: 0x0 is NULL
stack at sp + 5 slots: 0x000000f2034ff4a0 points into unknown readable memory: 0x00007ffe3842c298 | 98 c2 42 38 fe 7f 00 00
stack at sp + 6 slots: 0x0 is NULL
stack at sp + 7 slots: 0x000000f2035ff9c0 points into unknown readable memory: 0x00007ffe3842bc18 | 18 bc 42 38 fe 7f 00 00


---------------  P R O C E S S  ---------------

Threads class SMR info:
_java_thread_list=0x000002b3fba964f0, length=91, elements={
0x000002b3e0f90000, 
[error occurred during error reporting (printing all threads), id 0xc0000005, EXCEPTION_ACCESS_VIOLATION (0xc0000005) at pc=0x00007ffe382e9823]

VM state:not at safepoint (normal execution)

VM Mutex/Monitor currently owned by a thread: None

Heap address: 0x0000000080000000, size: 2048 MB, Compressed Oops mode: 32-bit
Narrow klass base: 0x0000000000000000, Narrow klass shift: 3
Compressed class space size: 1073741824 Address: 0x0000000100000000

Heap:
 garbage-first heap   total 196608K, used 134955K [0x0000000080000000, 0x0000000100000000)
  region size 1024K, 18 young (18432K), 4 survivors (4096K)
 Metaspace       used 122979K, capacity 126671K, committed 127272K, reserved 1159168K
  class space    used 15764K, capacity 17185K, committed 17528K, reserved 1048576K
Heap Regions: E=young(eden), S=young(survivor), O=old, HS=humongous(starts), HC=humongous(continues), CS=collection set, F=free, A=archive, TAMS=top-at-mark-start (previous, next)
|   0|0x0000000080000000, 0x0000000080100000, 0x0000000080100000|100%|HS|  |TAMS 0x0000000080100000, 0x0000000080100000| Complete 
|   1|0x0000000080100000, 0x0000000080200000, 0x0000000080200000|100%|HC|  |TAMS 0x0000000080200000, 0x0000000080200000| Complete 
|   2|0x0000000080200000, 0x0000000080300000, 0x0000000080300000|100%|HC|  |TAMS 0x0000000080300000, 0x0000000080300000| Complete 
|   3|0x0000000080300000, 0x0000000080400000, 0x0000000080400000|100%| O|  |TAMS 0x0000000080400000, 0x0000000080400000| Untracked 
|   4|0x0000000080400000, 0x0000000080500000, 0x0000000080500000|100%| O|  |TAMS 0x0000000080500000, 0x0000000080500000| Untracked 
|   5|0x0000000080500000, 0x0000000080600000, 0x0000000080600000|100%| O|  |TAMS 0x0000000080600000, 0x0000000080600000| Untracked 
|   6|0x0000000080600000, 0x0000000080700000, 0x0000000080700000|100%| O|  |TAMS 0x0000000080700000, 0x0000000080700000| Untracked 
|   7|0x0000000080700000, 0x0000000080800000, 0x0000000080800000|100%| O|  |TAMS 0x0000000080800000, 0x0000000080800000| Untracked 
|   8|0x0000000080800000, 0x0000000080900000, 0x0000000080900000|100%| O|  |TAMS 0x0000000080900000, 0x0000000080900000| Untracked 
|   9|0x0000000080900000, 0x0000000080a00000, 0x0000000080a00000|100%| O|  |TAMS 0x0000000080a00000, 0x0000000080a00000| Untracked 
|  10|0x0000000080a00000, 0x0000000080b00000, 0x0000000080b00000|100%| O|  |TAMS 0x0000000080b00000, 0x0000000080b00000| Untracked 
|  11|0x0000000080b00000, 0x0000000080c00000, 0x0000000080c00000|100%| O|  |TAMS 0x0000000080c00000, 0x0000000080c00000| Untracked 
|  12|0x0000000080c00000, 0x0000000080d00000, 0x0000000080d00000|100%| O|  |TAMS 0x0000000080d00000, 0x0000000080d00000| Untracked 
|  13|0x0000000080d00000, 0x0000000080e00000, 0x0000000080e00000|100%| O|  |TAMS 0x0000000080e00000, 0x0000000080e00000| Untracked 
|  14|0x0000000080e00000, 0x0000000080f00000, 0x0000000080f00000|100%| O|  |TAMS 0x0000000080f00000, 0x0000000080f00000| Untracked 
|  15|0x0000000080f00000, 0x0000000081000000, 0x0000000081000000|100%| O|  |TAMS 0x0000000081000000, 0x0000000081000000| Untracked 
|  16|0x0000000081000000, 0x0000000081100000, 0x0000000081100000|100%| O|  |TAMS 0x0000000081100000, 0x0000000081100000| Untracked 
|  17|0x0000000081100000, 0x0000000081200000, 0x0000000081200000|100%| O|  |TAMS 0x0000000081200000, 0x0000000081200000| Untracked 
|  18|0x0000000081200000, 0x0000000081300000, 0x0000000081300000|100%| O|  |TAMS 0x0000000081300000, 0x0000000081300000| Untracked 
|  19|0x0000000081300000, 0x0000000081400000, 0x0000000081400000|100%| O|  |TAMS 0x0000000081400000, 0x0000000081400000| Untracked 
|  20|0x0000000081400000, 0x0000000081500000, 0x0000000081500000|100%| O|  |TAMS 0x0000000081500000, 0x0000000081500000| Untracked 
|  21|0x0000000081500000, 0x0000000081600000, 0x0000000081600000|100%| O|  |TAMS 0x0000000081600000, 0x0000000081600000| Untracked 
|  22|0x0000000081600000, 0x0000000081700000, 0x0000000081700000|100%|HS|  |TAMS 0x0000000081700000, 0x0000000081700000| Complete 
|  23|0x0000000081700000, 0x0000000081800000, 0x0000000081800000|100%|HS|  |TAMS 0x0000000081800000, 0x0000000081800000| Complete 
|  24|0x0000000081800000, 0x0000000081900000, 0x0000000081900000|100%| O|  |TAMS 0x0000000081900000, 0x0000000081900000| Untracked 
|  25|0x0000000081900000, 0x0000000081a00000, 0x0000000081a00000|100%| O|  |TAMS 0x0000000081a00000, 0x0000000081a00000| Untracked 
|  26|0x0000000081a00000, 0x0000000081b00000, 0x0000000081b00000|100%| O|  |TAMS 0x0000000081b00000, 0x0000000081b00000| Untracked 
|  27|0x0000000081b00000, 0x0000000081c00000, 0x0000000081c00000|100%| O|  |TAMS 0x0000000081c00000, 0x0000000081c00000| Untracked 
|  28|0x0000000081c00000, 0x0000000081d00000, 0x0000000081d00000|100%| O|  |TAMS 0x0000000081d00000, 0x0000000081d00000| Untracked 
|  29|0x0000000081d00000, 0x0000000081e00000, 0x0000000081e00000|100%| O|  |TAMS 0x0000000081e00000, 0x0000000081e00000| Untracked 
|  30|0x0000000081e00000, 0x0000000081f00000, 0x0000000081f00000|100%| O|  |TAMS 0x0000000081f00000, 0x0000000081f00000| Untracked 
|  31|0x0000000081f00000, 0x0000000082000000, 0x0000000082000000|100%| O|  |TAMS 0x0000000082000000, 0x0000000082000000| Untracked 
|  32|0x0000000082000000, 0x0000000082100000, 0x0000000082100000|100%| O|  |TAMS 0x0000000082100000, 0x0000000082100000| Untracked 
|  33|0x0000000082100000, 0x0000000082200000, 0x0000000082200000|100%| O|  |TAMS 0x0000000082200000, 0x0000000082200000| Untracked 
|  34|0x0000000082200000, 0x0000000082300000, 0x0000000082300000|100%| O|  |TAMS 0x0000000082300000, 0x0000000082300000| Untracked 
|  35|0x0000000082300000, 0x0000000082400000, 0x0000000082400000|100%| O|  |TAMS 0x0000000082400000, 0x0000000082400000| Untracked 
|  36|0x0000000082400000, 0x0000000082500000, 0x0000000082500000|100%| O|  |TAMS 0x0000000082500000, 0x0000000082500000| Untracked 
|  37|0x0000000082500000, 0x0000000082600000, 0x0000000082600000|100%| O|  |TAMS 0x0000000082600000, 0x0000000082600000| Untracked 
|  38|0x0000000082600000, 0x0000000082700000, 0x0000000082700000|100%| O|  |TAMS 0x0000000082700000, 0x0000000082700000| Untracked 
|  39|0x0000000082700000, 0x0000000082800000, 0x0000000082800000|100%| O|  |TAMS 0x0000000082800000, 0x0000000082800000| Untracked 
|  40|0x0000000082800000, 0x0000000082900000, 0x0000000082900000|100%| O|  |TAMS 0x0000000082900000, 0x0000000082900000| Untracked 
|  41|0x0000000082900000, 0x0000000082a00000, 0x0000000082a00000|100%| O|  |TAMS 0x0000000082a00000, 0x0000000082a00000| Untracked 
|  42|0x0000000082a00000, 0x0000000082b00000, 0x0000000082b00000|100%| O|  |TAMS 0x0000000082b00000, 0x0000000082b00000| Untracked 
|  43|0x0000000082b00000, 0x0000000082c00000, 0x0000000082c00000|100%| O|  |TAMS 0x0000000082c00000, 0x0000000082c00000| Untracked 
|  44|0x0000000082c00000, 0x0000000082d00000, 0x0000000082d00000|100%| O|  |TAMS 0x0000000082d00000, 0x0000000082d00000| Untracked 
|  45|0x0000000082d00000, 0x0000000082e00000, 0x0000000082e00000|100%| O|  |TAMS 0x0000000082e00000, 0x0000000082e00000| Untracked 
|  46|0x0000000082e00000, 0x0000000082f00000, 0x0000000082f00000|100%| O|  |TAMS 0x0000000082f00000, 0x0000000082f00000| Untracked 
|  47|0x0000000082f00000, 0x0000000083000000, 0x0000000083000000|100%| O|  |TAMS 0x0000000083000000, 0x0000000083000000| Untracked 
|  48|0x0000000083000000, 0x0000000083100000, 0x0000000083100000|100%| O|  |TAMS 0x0000000083100000, 0x0000000083100000| Untracked 
|  49|0x0000000083100000, 0x0000000083200000, 0x0000000083200000|100%| O|  |TAMS 0x0000000083200000, 0x0000000083200000| Untracked 
|  50|0x0000000083200000, 0x0000000083300000, 0x0000000083300000|100%| O|  |TAMS 0x0000000083300000, 0x0000000083300000| Untracked 
|  51|0x0000000083300000, 0x0000000083400000, 0x0000000083400000|100%| O|  |TAMS 0x0000000083400000, 0x0000000083400000| Untracked 
|  52|0x0000000083400000, 0x0000000083500000, 0x0000000083500000|100%| O|  |TAMS 0x0000000083500000, 0x0000000083500000| Untracked 
|  53|0x0000000083500000, 0x0000000083600000, 0x0000000083600000|100%| O|  |TAMS 0x0000000083600000, 0x0000000083600000| Untracked 
|  54|0x0000000083600000, 0x0000000083700000, 0x0000000083700000|100%| O|  |TAMS 0x0000000083700000, 0x0000000083700000| Untracked 
|  55|0x0000000083700000, 0x0000000083800000, 0x0000000083800000|100%| O|  |TAMS 0x0000000083800000, 0x0000000083800000| Untracked 
|  56|0x0000000083800000, 0x0000000083900000, 0x0000000083900000|100%| O|  |TAMS 0x0000000083900000, 0x0000000083900000| Untracked 
|  57|0x0000000083900000, 0x0000000083a00000, 0x0000000083a00000|100%| O|  |TAMS 0x0000000083a00000, 0x0000000083a00000| Untracked 
|  58|0x0000000083a00000, 0x0000000083b00000, 0x0000000083b00000|100%| O|  |TAMS 0x0000000083b00000, 0x0000000083b00000| Untracked 
|  59|0x0000000083b00000, 0x0000000083c00000, 0x0000000083c00000|100%| O|  |TAMS 0x0000000083c00000, 0x0000000083c00000| Untracked 
|  60|0x0000000083c00000, 0x0000000083d00000, 0x0000000083d00000|100%| O|  |TAMS 0x0000000083d00000, 0x0000000083d00000| Untracked 
|  61|0x0000000083d00000, 0x0000000083e00000, 0x0000000083e00000|100%| O|  |TAMS 0x0000000083e00000, 0x0000000083e00000| Untracked 
|  62|0x0000000083e00000, 0x0000000083f00000, 0x0000000083f00000|100%| O|  |TAMS 0x0000000083f00000, 0x0000000083f00000| Untracked 
|  63|0x0000000083f00000, 0x0000000084000000, 0x0000000084000000|100%| O|  |TAMS 0x0000000084000000, 0x0000000084000000| Untracked 
|  64|0x0000000084000000, 0x0000000084100000, 0x0000000084100000|100%| O|  |TAMS 0x0000000084100000, 0x0000000084100000| Untracked 
|  65|0x0000000084100000, 0x0000000084200000, 0x0000000084200000|100%| O|  |TAMS 0x0000000084200000, 0x0000000084200000| Untracked 
|  66|0x0000000084200000, 0x0000000084300000, 0x0000000084300000|100%| O|  |TAMS 0x0000000084300000, 0x0000000084300000| Untracked 
|  67|0x0000000084300000, 0x0000000084400000, 0x0000000084400000|100%| O|  |TAMS 0x0000000084400000, 0x0000000084400000| Untracked 
|  68|0x0000000084400000, 0x0000000084500000, 0x0000000084500000|100%| O|  |TAMS 0x0000000084500000, 0x0000000084500000| Untracked 
|  69|0x0000000084500000, 0x0000000084600000, 0x0000000084600000|100%| O|  |TAMS 0x0000000084600000, 0x0000000084600000| Untracked 
|  70|0x0000000084600000, 0x0000000084700000, 0x0000000084700000|100%| O|  |TAMS 0x0000000084700000, 0x0000000084700000| Untracked 
|  71|0x0000000084700000, 0x0000000084800000, 0x0000000084800000|100%| O|  |TAMS 0x0000000084800000, 0x0000000084800000| Untracked 
|  72|0x0000000084800000, 0x0000000084900000, 0x0000000084900000|100%| O|  |TAMS 0x0000000084900000, 0x0000000084900000| Untracked 
|  73|0x0000000084900000, 0x0000000084a00000, 0x0000000084a00000|100%| O|  |TAMS 0x0000000084a00000, 0x0000000084a00000| Untracked 
|  74|0x0000000084a00000, 0x0000000084b00000, 0x0000000084b00000|100%| O|  |TAMS 0x0000000084b00000, 0x0000000084b00000| Untracked 
|  75|0x0000000084b00000, 0x0000000084c00000, 0x0000000084c00000|100%| O|  |TAMS 0x0000000084c00000, 0x0000000084c00000| Untracked 
|  76|0x0000000084c00000, 0x0000000084d00000, 0x0000000084d00000|100%| O|  |TAMS 0x0000000084d00000, 0x0000000084d00000| Untracked 
|  77|0x0000000084d00000, 0x0000000084e00000, 0x0000000084e00000|100%| O|  |TAMS 0x0000000084e00000, 0x0000000084e00000| Untracked 
|  78|0x0000000084e00000, 0x0000000084f00000, 0x0000000084f00000|100%| O|  |TAMS 0x0000000084f00000, 0x0000000084f00000| Untracked 
|  79|0x0000000084f00000, 0x0000000085000000, 0x0000000085000000|100%| O|  |TAMS 0x0000000085000000, 0x0000000085000000| Untracked 
|  80|0x0000000085000000, 0x0000000085100000, 0x0000000085100000|100%| O|  |TAMS 0x0000000085000000, 0x0000000085100000| Untracked 
|  81|0x0000000085100000, 0x0000000085200000, 0x0000000085200000|100%| O|  |TAMS 0x0000000085200000, 0x0000000085200000| Untracked 
|  82|0x0000000085200000, 0x0000000085300000, 0x0000000085300000|100%| O|  |TAMS 0x0000000085300000, 0x0000000085300000| Untracked 
|  83|0x0000000085300000, 0x0000000085400000, 0x0000000085400000|100%| O|  |TAMS 0x0000000085400000, 0x0000000085400000| Untracked 
|  84|0x0000000085400000, 0x0000000085500000, 0x0000000085500000|100%| O|  |TAMS 0x0000000085500000, 0x0000000085500000| Untracked 
|  85|0x0000000085500000, 0x0000000085600000, 0x0000000085600000|100%| O|  |TAMS 0x0000000085600000, 0x0000000085600000| Untracked 
|  86|0x0000000085600000, 0x0000000085700000, 0x0000000085700000|100%| O|  |TAMS 0x0000000085700000, 0x0000000085700000| Untracked 
|  87|0x0000000085700000, 0x0000000085800000, 0x0000000085800000|100%| O|  |TAMS 0x0000000085800000, 0x0000000085800000| Untracked 
|  88|0x0000000085800000, 0x0000000085900000, 0x0000000085900000|100%| O|  |TAMS 0x0000000085900000, 0x0000000085900000| Untracked 
|  89|0x0000000085900000, 0x0000000085a00000, 0x0000000085a00000|100%| O|  |TAMS 0x0000000085a00000, 0x0000000085a00000| Untracked 
|  90|0x0000000085a00000, 0x0000000085b00000, 0x0000000085b00000|100%| O|  |TAMS 0x0000000085b00000, 0x0000000085b00000| Untracked 
|  91|0x0000000085b00000, 0x0000000085c00000, 0x0000000085c00000|100%| O|  |TAMS 0x0000000085c00000, 0x0000000085c00000| Untracked 
|  92|0x0000000085c00000, 0x0000000085d00000, 0x0000000085d00000|100%| O|  |TAMS 0x0000000085d00000, 0x0000000085d00000| Untracked 
|  93|0x0000000085d00000, 0x0000000085e00000, 0x0000000085e00000|100%| O|  |TAMS 0x0000000085e00000, 0x0000000085e00000| Untracked 
|  94|0x0000000085e00000, 0x0000000085f00000, 0x0000000085f00000|100%| O|  |TAMS 0x0000000085e00000, 0x0000000085f00000| Untracked 
|  95|0x0000000085f00000, 0x0000000086000000, 0x0000000086000000|100%| O|  |TAMS 0x0000000085f00000, 0x0000000086000000| Untracked 
|  96|0x0000000086000000, 0x0000000086100000, 0x0000000086100000|100%| O|  |TAMS 0x0000000086000000, 0x0000000086100000| Untracked 
|  97|0x0000000086100000, 0x0000000086200000, 0x0000000086200000|100%| O|  |TAMS 0x0000000086100000, 0x0000000086200000| Untracked 
|  98|0x0000000086200000, 0x0000000086300000, 0x0000000086300000|100%| O|  |TAMS 0x0000000086300000, 0x0000000086300000| Untracked 
|  99|0x0000000086300000, 0x0000000086400000, 0x0000000086400000|100%| O|  |TAMS 0x0000000086400000, 0x0000000086400000| Untracked 
| 100|0x0000000086400000, 0x0000000086500000, 0x0000000086500000|100%| O|  |TAMS 0x00000000864ada00, 0x0000000086500000| Untracked 
| 101|0x0000000086500000, 0x0000000086600000, 0x0000000086600000|100%| O|  |TAMS 0x0000000086500000, 0x0000000086600000| Untracked 
| 102|0x0000000086600000, 0x0000000086700000, 0x0000000086700000|100%| O|  |TAMS 0x0000000086700000, 0x0000000086700000| Untracked 
| 103|0x0000000086700000, 0x0000000086800000, 0x0000000086800000|100%| O|  |TAMS 0x0000000086800000, 0x0000000086800000| Untracked 
| 104|0x0000000086800000, 0x0000000086900000, 0x0000000086900000|100%| O|  |TAMS 0x0000000086900000, 0x0000000086900000| Untracked 
| 105|0x0000000086900000, 0x0000000086a00000, 0x0000000086a00000|100%| O|  |TAMS 0x0000000086a00000, 0x0000000086a00000| Untracked 
| 106|0x0000000086a00000, 0x0000000086b00000, 0x0000000086b00000|100%| O|  |TAMS 0x0000000086b00000, 0x0000000086b00000| Untracked 
| 107|0x0000000086b00000, 0x0000000086c00000, 0x0000000086c00000|100%| O|  |TAMS 0x0000000086c00000, 0x0000000086c00000| Untracked 
| 108|0x0000000086c00000, 0x0000000086d00000, 0x0000000086d00000|100%| O|  |TAMS 0x0000000086d00000, 0x0000000086d00000| Untracked 
| 109|0x0000000086d00000, 0x0000000086e00000, 0x0000000086e00000|100%| O|  |TAMS 0x0000000086d00000, 0x0000000086e00000| Untracked 
| 110|0x0000000086e00000, 0x0000000086e50400, 0x0000000086f00000| 31%| O|  |TAMS 0x0000000086e00000, 0x0000000086e50400| Untracked 
| 111|0x0000000086f00000, 0x0000000087000000, 0x0000000087000000|100%|HS|  |TAMS 0x0000000086f00000, 0x0000000086f00000| Complete 
| 112|0x0000000087000000, 0x0000000087100000, 0x0000000087100000|100%|HC|  |TAMS 0x0000000087000000, 0x0000000087000000| Complete 
| 113|0x0000000087100000, 0x0000000087200000, 0x0000000087200000|100%| O|  |TAMS 0x0000000087200000, 0x0000000087200000| Untracked 
| 114|0x0000000087200000, 0x0000000087300000, 0x0000000087300000|100%| O|  |TAMS 0x0000000087200000, 0x0000000087300000| Untracked 
| 115|0x0000000087300000, 0x0000000087400000, 0x0000000087400000|100%| O|  |TAMS 0x0000000087300000, 0x0000000087400000| Untracked 
| 116|0x0000000087400000, 0x0000000087500000, 0x0000000087500000|100%| O|  |TAMS 0x0000000087400000, 0x0000000087500000| Untracked 
| 117|0x0000000087500000, 0x0000000087500000, 0x0000000087600000|  0%| F|  |TAMS 0x0000000087500000, 0x0000000087500000| Untracked 
| 118|0x0000000087600000, 0x0000000087600000, 0x0000000087700000|  0%| F|  |TAMS 0x0000000087600000, 0x0000000087600000| Untracked 
| 119|0x0000000087700000, 0x0000000087700000, 0x0000000087800000|  0%| F|  |TAMS 0x0000000087700000, 0x0000000087700000| Untracked 
| 120|0x0000000087800000, 0x0000000087800000, 0x0000000087900000|  0%| F|  |TAMS 0x0000000087800000, 0x0000000087800000| Untracked 
| 121|0x0000000087900000, 0x0000000087900000, 0x0000000087a00000|  0%| F|  |TAMS 0x0000000087900000, 0x0000000087900000| Untracked 
| 122|0x0000000087a00000, 0x0000000087a00000, 0x0000000087b00000|  0%| F|  |TAMS 0x0000000087a00000, 0x0000000087a00000| Untracked 
| 123|0x0000000087b00000, 0x0000000087b00000, 0x0000000087c00000|  0%| F|  |TAMS 0x0000000087b00000, 0x0000000087b00000| Untracked 
| 124|0x0000000087c00000, 0x0000000087c00000, 0x0000000087d00000|  0%| F|  |TAMS 0x0000000087c00000, 0x0000000087c00000| Untracked 
| 125|0x0000000087d00000, 0x0000000087d00000, 0x0000000087e00000|  0%| F|  |TAMS 0x0000000087d00000, 0x0000000087d00000| Untracked 
| 126|0x0000000087e00000, 0x0000000087e00000, 0x0000000087f00000|  0%| F|  |TAMS 0x0000000087e00000, 0x0000000087e00000| Untracked 
| 127|0x0000000087f00000, 0x0000000087f00000, 0x0000000088000000|  0%| F|  |TAMS 0x0000000087f00000, 0x0000000087f00000| Untracked 
| 128|0x0000000088000000, 0x0000000088000000, 0x0000000088100000|  0%| F|  |TAMS 0x0000000088000000, 0x0000000088000000| Untracked 
| 129|0x0000000088100000, 0x0000000088100000, 0x0000000088200000|  0%| F|  |TAMS 0x0000000088100000, 0x0000000088100000| Untracked 
| 130|0x0000000088200000, 0x0000000088200000, 0x0000000088300000|  0%| F|  |TAMS 0x0000000088200000, 0x0000000088200000| Untracked 
| 131|0x0000000088300000, 0x0000000088300000, 0x0000000088400000|  0%| F|  |TAMS 0x0000000088300000, 0x0000000088300000| Untracked 
| 132|0x0000000088400000, 0x0000000088400000, 0x0000000088500000|  0%| F|  |TAMS 0x0000000088400000, 0x0000000088400000| Untracked 
| 133|0x0000000088500000, 0x0000000088500000, 0x0000000088600000|  0%| F|  |TAMS 0x0000000088500000, 0x0000000088500000| Untracked 
| 134|0x0000000088600000, 0x0000000088600000, 0x0000000088700000|  0%| F|  |TAMS 0x0000000088600000, 0x0000000088600000| Untracked 
| 135|0x0000000088700000, 0x0000000088700000, 0x0000000088800000|  0%| F|  |TAMS 0x0000000088700000, 0x0000000088700000| Untracked 
| 136|0x0000000088800000, 0x0000000088800000, 0x0000000088900000|  0%| F|  |TAMS 0x0000000088800000, 0x0000000088800000| Untracked 
| 137|0x0000000088900000, 0x0000000088900000, 0x0000000088a00000|  0%| F|  |TAMS 0x0000000088900000, 0x0000000088900000| Untracked 
| 138|0x0000000088a00000, 0x0000000088a00000, 0x0000000088b00000|  0%| F|  |TAMS 0x0000000088a00000, 0x0000000088a00000| Untracked 
| 139|0x0000000088b00000, 0x0000000088b00000, 0x0000000088c00000|  0%| F|  |TAMS 0x0000000088b00000, 0x0000000088b00000| Untracked 
| 140|0x0000000088c00000, 0x0000000088c00000, 0x0000000088d00000|  0%| F|  |TAMS 0x0000000088c00000, 0x0000000088c00000| Untracked 
| 141|0x0000000088d00000, 0x0000000088d00000, 0x0000000088e00000|  0%| F|  |TAMS 0x0000000088d00000, 0x0000000088d00000| Untracked 
| 142|0x0000000088e00000, 0x0000000088e00000, 0x0000000088f00000|  0%| F|  |TAMS 0x0000000088e00000, 0x0000000088e00000| Untracked 
| 143|0x0000000088f00000, 0x0000000088f00000, 0x0000000089000000|  0%| F|  |TAMS 0x0000000088f00000, 0x0000000088f00000| Untracked 
| 144|0x0000000089000000, 0x0000000089000000, 0x0000000089100000|  0%| F|  |TAMS 0x0000000089000000, 0x0000000089000000| Untracked 
| 145|0x0000000089100000, 0x0000000089100000, 0x0000000089200000|  0%| F|  |TAMS 0x0000000089100000, 0x0000000089100000| Untracked 
| 146|0x0000000089200000, 0x0000000089200000, 0x0000000089300000|  0%| F|  |TAMS 0x0000000089200000, 0x0000000089200000| Untracked 
| 147|0x0000000089300000, 0x0000000089300000, 0x0000000089400000|  0%| F|  |TAMS 0x0000000089300000, 0x0000000089300000| Untracked 
| 148|0x0000000089400000, 0x0000000089400000, 0x0000000089500000|  0%| F|  |TAMS 0x0000000089400000, 0x0000000089400000| Untracked 
| 149|0x0000000089500000, 0x0000000089500000, 0x0000000089600000|  0%| F|  |TAMS 0x0000000089500000, 0x0000000089500000| Untracked 
| 150|0x0000000089600000, 0x0000000089600000, 0x0000000089700000|  0%| F|  |TAMS 0x0000000089600000, 0x0000000089600000| Untracked 
| 151|0x0000000089700000, 0x0000000089700000, 0x0000000089800000|  0%| F|  |TAMS 0x0000000089700000, 0x0000000089700000| Untracked 
| 152|0x0000000089800000, 0x0000000089800000, 0x0000000089900000|  0%| F|  |TAMS 0x0000000089800000, 0x0000000089800000| Untracked 
| 153|0x0000000089900000, 0x0000000089900000, 0x0000000089a00000|  0%| F|  |TAMS 0x0000000089900000, 0x0000000089900000| Untracked 
| 154|0x0000000089a00000, 0x0000000089a00000, 0x0000000089b00000|  0%| F|  |TAMS 0x0000000089a00000, 0x0000000089a00000| Untracked 
| 155|0x0000000089b00000, 0x0000000089b00000, 0x0000000089c00000|  0%| F|  |TAMS 0x0000000089b00000, 0x0000000089b00000| Untracked 
| 156|0x0000000089c00000, 0x0000000089c00000, 0x0000000089d00000|  0%| F|  |TAMS 0x0000000089c00000, 0x0000000089c00000| Untracked 
| 157|0x0000000089d00000, 0x0000000089d00000, 0x0000000089e00000|  0%| F|  |TAMS 0x0000000089d00000, 0x0000000089d00000| Untracked 
| 158|0x0000000089e00000, 0x0000000089e00000, 0x0000000089f00000|  0%| F|  |TAMS 0x0000000089e00000, 0x0000000089e00000| Untracked 
| 159|0x0000000089f00000, 0x0000000089f00000, 0x000000008a000000|  0%| F|  |TAMS 0x0000000089f00000, 0x0000000089f00000| Untracked 
| 160|0x000000008a000000, 0x000000008a000000, 0x000000008a100000|  0%| F|  |TAMS 0x000000008a000000, 0x000000008a000000| Untracked 
| 161|0x000000008a100000, 0x000000008a100000, 0x000000008a200000|  0%| F|  |TAMS 0x000000008a100000, 0x000000008a100000| Untracked 
| 162|0x000000008a200000, 0x000000008a200000, 0x000000008a300000|  0%| F|  |TAMS 0x000000008a200000, 0x000000008a200000| Untracked 
| 163|0x000000008a300000, 0x000000008a300000, 0x000000008a400000|  0%| F|  |TAMS 0x000000008a300000, 0x000000008a300000| Untracked 
| 164|0x000000008a400000, 0x000000008a400000, 0x000000008a500000|  0%| F|  |TAMS 0x000000008a400000, 0x000000008a400000| Untracked 
| 165|0x000000008a500000, 0x000000008a500000, 0x000000008a600000|  0%| F|  |TAMS 0x000000008a500000, 0x000000008a500000| Untracked 
| 166|0x000000008a600000, 0x000000008a600000, 0x000000008a700000|  0%| F|  |TAMS 0x000000008a600000, 0x000000008a600000| Untracked 
| 167|0x000000008a700000, 0x000000008a700000, 0x000000008a800000|  0%| F|  |TAMS 0x000000008a700000, 0x000000008a700000| Untracked 
| 168|0x000000008a800000, 0x000000008a800000, 0x000000008a900000|  0%| F|  |TAMS 0x000000008a800000, 0x000000008a800000| Untracked 
| 169|0x000000008a900000, 0x000000008a900000, 0x000000008aa00000|  0%| F|  |TAMS 0x000000008a900000, 0x000000008a900000| Untracked 
| 170|0x000000008aa00000, 0x000000008aa00000, 0x000000008ab00000|  0%| F|  |TAMS 0x000000008aa00000, 0x000000008aa00000| Untracked 
| 171|0x000000008ab00000, 0x000000008ab00000, 0x000000008ac00000|  0%| F|  |TAMS 0x000000008ab00000, 0x000000008ab00000| Untracked 
| 172|0x000000008ac00000, 0x000000008ac7a8d0, 0x000000008ad00000| 47%| S|CS|TAMS 0x000000008ac00000, 0x000000008ac00000| Complete 
| 173|0x000000008ad00000, 0x000000008ae00000, 0x000000008ae00000|100%| S|CS|TAMS 0x000000008ad00000, 0x000000008ad00000| Complete 
| 174|0x000000008ae00000, 0x000000008af00000, 0x000000008af00000|100%| S|CS|TAMS 0x000000008ae00000, 0x000000008ae00000| Complete 
| 175|0x000000008af00000, 0x000000008b000000, 0x000000008b000000|100%| S|CS|TAMS 0x000000008af00000, 0x000000008af00000| Complete 
| 176|0x000000008b000000, 0x000000008b000000, 0x000000008b100000|  0%| F|  |TAMS 0x000000008b000000, 0x000000008b000000| Untracked 
| 177|0x000000008b100000, 0x000000008b100000, 0x000000008b200000|  0%| F|  |TAMS 0x000000008b100000, 0x000000008b100000| Untracked 
| 178|0x000000008b200000, 0x000000008b2d0bc8, 0x000000008b300000| 81%| E|  |TAMS 0x000000008b200000, 0x000000008b200000| Complete 
| 179|0x000000008b300000, 0x000000008b400000, 0x000000008b400000|100%| E|CS|TAMS 0x000000008b300000, 0x000000008b300000| Complete 
| 180|0x000000008b400000, 0x000000008b500000, 0x000000008b500000|100%| E|CS|TAMS 0x000000008b400000, 0x000000008b400000| Complete 
| 181|0x000000008b500000, 0x000000008b600000, 0x000000008b600000|100%| E|CS|TAMS 0x000000008b500000, 0x000000008b500000| Complete 
| 182|0x000000008b600000, 0x000000008b700000, 0x000000008b700000|100%| E|  |TAMS 0x000000008b600000, 0x000000008b600000| Complete 
| 183|0x000000008b700000, 0x000000008b800000, 0x000000008b800000|100%| E|CS|TAMS 0x000000008b700000, 0x000000008b700000| Complete 
| 184|0x000000008b800000, 0x000000008b900000, 0x000000008b900000|100%| E|CS|TAMS 0x000000008b800000, 0x000000008b800000| Complete 
| 185|0x000000008b900000, 0x000000008ba00000, 0x000000008ba00000|100%| E|CS|TAMS 0x000000008b900000, 0x000000008b900000| Complete 
| 186|0x000000008ba00000, 0x000000008bb00000, 0x000000008bb00000|100%| E|CS|TAMS 0x000000008ba00000, 0x000000008ba00000| Complete 
| 187|0x000000008bb00000, 0x000000008bc00000, 0x000000008bc00000|100%| E|CS|TAMS 0x000000008bb00000, 0x000000008bb00000| Complete 
| 188|0x000000008bc00000, 0x000000008bd00000, 0x000000008bd00000|100%| E|CS|TAMS 0x000000008bc00000, 0x000000008bc00000| Complete 
| 189|0x000000008bd00000, 0x000000008be00000, 0x000000008be00000|100%| E|CS|TAMS 0x000000008bd00000, 0x000000008bd00000| Complete 
| 190|0x000000008be00000, 0x000000008bf00000, 0x000000008bf00000|100%| E|CS|TAMS 0x000000008be00000, 0x000000008be00000| Complete 
| 191|0x000000008bf00000, 0x000000008c000000, 0x000000008c000000|100%| E|CS|TAMS 0x000000008bf00000, 0x000000008bf00000| Complete 

Card table byte_map: [0x000002b3f3eb0000,0x000002b3f42b0000] _byte_map_base: 0x000002b3f3ab0000

Marking Bits (Prev, Next): (CMBitMap*) 0x000002b3e0fd2bb8, (CMBitMap*) 0x000002b3e0fd2bf0
 Prev Bits: [0x000002b3f46b0000, 0x000002b3f66b0000)
 Next Bits: [0x000002b3f66b0000, 0x000002b3f86b0000)

Polling page: 0x000002b3e0760000

Metaspace:

Usage:
  Non-class:    106.92 MB capacity,   104.70 MB ( 98%) used,     1.78 MB (  2%) free+waste,   446.12 KB ( <1%) overhead. 
      Class:     16.78 MB capacity,    15.40 MB ( 92%) used,     1.19 MB (  7%) free+waste,   198.94 KB (  1%) overhead. 
       Both:    123.70 MB capacity,   120.10 MB ( 97%) used,     2.98 MB (  2%) free+waste,   645.06 KB ( <1%) overhead. 

Virtual space:
  Non-class space:      108.00 MB reserved,     107.17 MB (>99%) committed 
      Class space:        1.00 GB reserved,      17.12 MB (  2%) committed 
             Both:        1.11 GB reserved,     124.29 MB ( 11%) committed 

Chunk freelists:
   Non-Class:  194.00 KB
       Class:  255.00 KB
        Both:  449.00 KB

MaxMetaspaceSize: 17179869184.00 GB
CompressedClassSpaceSize: 1.00 GB
Initial GC threshold: 20.80 MB
Current GC threshold: 202.57 MB
CDS: off

CodeHeap 'non-profiled nmethods': size=120064Kb used=12546Kb max_used=12546Kb free=107517Kb
 bounds [0x000002b3ec570000, 0x000002b3ed1c0000, 0x000002b3f3ab0000]
CodeHeap 'profiled nmethods': size=120000Kb used=41893Kb max_used=41893Kb free=78106Kb
 bounds [0x000002b3e5040000, 0x000002b3e7930000, 0x000002b3ec570000]
CodeHeap 'non-nmethods': size=5696Kb used=2450Kb max_used=2503Kb free=3245Kb
 bounds [0x000002b3e4ab0000, 0x000002b3e4d30000, 0x000002b3e5040000]
 total_blobs=19103 nmethods=18108 adapters=907
 compilation: enabled
              stopped_count=0, restarted_count=0
 full_count=0

Compilation events (20 events):
Event: 518.262 Thread 0x000002b3fb45c800 19006   !   3       com.sun.tools.javac.parser.JavacParser::literal (688 bytes)
Event: 518.267 Thread 0x000002b3814b7800 nmethod 19004 0x000002b3ed19be10 code [0x000002b3ed19c000, 0x000002b3ed19c558]
Event: 518.267 Thread 0x000002b3814b7800 19005       4       com.sun.tools.javac.util.IntHashTable::putAtIndex (93 bytes)
Event: 518.272 Thread 0x000002b3814b7800 nmethod 19005 0x000002b3ed19ca10 code [0x000002b3ed19cbc0, 0x000002b3ed19cf28]
Event: 518.272 Thread 0x000002b3fb45c800 nmethod 19006 0x000002b3e790c290 code [0x000002b3e790d0a0, 0x000002b3e7916008]
Event: 518.272 Thread 0x000002b3814b7800 19007       4       com.sun.tools.javac.util.IntHashTable::lookup (94 bytes)
Event: 518.273 Thread 0x000002b3fb45c800 19008       3       com.sun.tools.javac.tree.TreeInfo::isExpressionStatement (132 bytes)
Event: 518.273 Thread 0x000002b3fb45c800 nmethod 19008 0x000002b3e7919510 code [0x000002b3e79196e0, 0x000002b3e7919b48]
Event: 518.273 Thread 0x000002b3fb45c800 19009       3       com.sun.tools.javac.parser.JavacParser$SimpleEndPosTable::to (17 bytes)
Event: 518.273 Thread 0x000002b3fb45c800 nmethod 19009 0x000002b3e7919c90 code [0x000002b3e7919e80, 0x000002b3e791a208]
Event: 518.274 Thread 0x000002b3814b7800 nmethod 19007 0x000002b3ed19d190 code [0x000002b3ed19d320, 0x000002b3ed19d458]
Event: 518.276 Thread 0x000002b3814b7800 19010       4       com.sun.tools.javac.parser.Tokens$Token::checkKind (43 bytes)
Event: 518.276 Thread 0x000002b3814b7800 nmethod 19010 0x000002b3ed19d590 code [0x000002b3ed19d720, 0x000002b3ed19d7b8]
Event: 518.337 Thread 0x000002b3fb44c000 nmethod 18972 0x000002b3ed19d890 code [0x000002b3ed19e6c0, 0x000002b3ed1a1a28]
Event: 518.351 Thread 0x000002b3814b7800 19011   !   4       java.nio.file.Files::walkFileTree (294 bytes)
Event: 518.353 Thread 0x000002b3fb44c000 19012       4       jdk.nio.zipfs.ZipFileAttributeView::readAttributes (5 bytes)
Event: 518.353 Thread 0x000002b3fb45c800 19013       1       java.nio.file.FileTreeWalker$DirectoryNode::stream (5 bytes)
Event: 518.354 Thread 0x000002b3fb45c800 nmethod 19013 0x000002b3ed1a3910 code [0x000002b3ed1a3ac0, 0x000002b3ed1a3b78]
Event: 518.361 Thread 0x000002b3fb44c000 nmethod 19012 0x000002b3ed1a3c10 code [0x000002b3ed1a3dc0, 0x000002b3ed1a41e8]
Event: 518.361 Thread 0x000002b3fb44c000 19014   !   4       java.nio.file.FileTreeWalker::visit (204 bytes)

GC Heap History (20 events):
Event: 81.153 GC heap before
{Heap before GC invocations=28 (full 0):
 garbage-first heap   total 196608K, used 159685K [0x0000000080000000, 0x0000000100000000)
  region size 1024K, 50 young (51200K), 7 survivors (7168K)
 Metaspace       used 113444K, capacity 117223K, committed 117288K, reserved 1150976K
  class space    used 14751K, capacity 16236K, committed 16248K, reserved 1048576K
}
Event: 81.165 GC heap after
{Heap after GC invocations=29 (full 0):
 garbage-first heap   total 196608K, used 116173K [0x0000000080000000, 0x0000000100000000)
  region size 1024K, 2 young (2048K), 2 survivors (2048K)
 Metaspace       used 113444K, capacity 117223K, committed 117288K, reserved 1150976K
  class space    used 14751K, capacity 16236K, committed 16248K, reserved 1048576K
}
Event: 81.504 GC heap before
{Heap before GC invocations=29 (full 0):
 garbage-first heap   total 196608K, used 123341K [0x0000000080000000, 0x0000000100000000)
  region size 1024K, 9 young (9216K), 2 survivors (2048K)
 Metaspace       used 114217K, capacity 118064K, committed 118184K, reserved 1150976K
  class space    used 14858K, capacity 16362K, committed 16376K, reserved 1048576K
}
Event: 81.511 GC heap after
{Heap after GC invocations=30 (full 0):
 garbage-first heap   total 196608K, used 116331K [0x0000000080000000, 0x0000000100000000)
  region size 1024K, 2 young (2048K), 2 survivors (2048K)
 Metaspace       used 114217K, capacity 118064K, committed 118184K, reserved 1150976K
  class space    used 14858K, capacity 16362K, committed 16376K, reserved 1048576K
}
Event: 81.855 GC heap before
{Heap before GC invocations=30 (full 0):
 garbage-first heap   total 196608K, used 124523K [0x0000000080000000, 0x0000000100000000)
  region size 1024K, 12 young (12288K), 2 survivors (2048K)
 Metaspace       used 114923K, capacity 118812K, committed 119080K, reserved 1153024K
  class space    used 14941K, capacity 16475K, committed 16504K, reserved 1048576K
}
Event: 81.863 GC heap after
{Heap after GC invocations=31 (full 0):
 garbage-first heap   total 196608K, used 119153K [0x0000000080000000, 0x0000000100000000)
  region size 1024K, 5 young (5120K), 5 survivors (5120K)
 Metaspace       used 114923K, capacity 118812K, committed 119080K, reserved 1153024K
  class space    used 14941K, capacity 16475K, committed 16504K, reserved 1048576K
}
Event: 85.481 GC heap before
{Heap before GC invocations=32 (full 0):
 garbage-first heap   total 196608K, used 158065K [0x0000000080000000, 0x0000000100000000)
  region size 1024K, 43 young (44032K), 5 survivors (5120K)
 Metaspace       used 115498K, capacity 119028K, committed 120104K, reserved 1153024K
  class space    used 14925K, capacity 16296K, committed 16760K, reserved 1048576K
}
Event: 85.489 GC heap after
{Heap after GC invocations=33 (full 0):
 garbage-first heap   total 196608K, used 117266K [0x0000000080000000, 0x0000000100000000)
  region size 1024K, 2 young (2048K), 2 survivors (2048K)
 Metaspace       used 115498K, capacity 119028K, committed 120104K, reserved 1153024K
  class space    used 14925K, capacity 16296K, committed 16760K, reserved 1048576K
}
Event: 85.970 GC heap before
{Heap before GC invocations=33 (full 0):
 garbage-first heap   total 196608K, used 123410K [0x0000000080000000, 0x0000000100000000)
  region size 1024K, 9 young (9216K), 2 survivors (2048K)
 Metaspace       used 116237K, capacity 119894K, committed 121000K, reserved 1153024K
  class space    used 15031K, capacity 16409K, committed 16888K, reserved 1048576K
}
Event: 85.975 GC heap after
{Heap after GC invocations=34 (full 0):
 garbage-first heap   total 196608K, used 115733K [0x0000000080000000, 0x0000000100000000)
  region size 1024K, 1 young (1024K), 1 survivors (1024K)
 Metaspace       used 116237K, capacity 119894K, committed 121000K, reserved 1153024K
  class space    used 15031K, capacity 16409K, committed 16888K, reserved 1048576K
}
Event: 86.963 GC heap before
{Heap before GC invocations=34 (full 0):
 garbage-first heap   total 196608K, used 157717K [0x0000000080000000, 0x0000000100000000)
  region size 1024K, 43 young (44032K), 1 survivors (1024K)
 Metaspace       used 119343K, capacity 122998K, committed 123944K, reserved 1157120K
  class space    used 15444K, capacity 16825K, committed 17272K, reserved 1048576K
}
Event: 86.968 GC heap after
{Heap after GC invocations=35 (full 0):
 garbage-first heap   total 196608K, used 116239K [0x0000000080000000, 0x0000000100000000)
  region size 1024K, 1 young (1024K), 1 survivors (1024K)
 Metaspace       used 119343K, capacity 122998K, committed 123944K, reserved 1157120K
  class space    used 15444K, capacity 16825K, committed 17272K, reserved 1048576K
}
Event: 514.888 GC heap before
{Heap before GC invocations=36 (full 0):
 garbage-first heap   total 196608K, used 188943K [0x0000000080000000, 0x0000000100000000)
  region size 1024K, 45 young (46080K), 1 survivors (1024K)
 Metaspace       used 122051K, capacity 125829K, committed 126504K, reserved 1159168K
  class space    used 15746K, capacity 17151K, committed 17528K, reserved 1048576K
}
Event: 514.898 GC heap after
{Heap after GC invocations=37 (full 0):
 garbage-first heap   total 196608K, used 119118K [0x0000000080000000, 0x0000000100000000)
  region size 1024K, 4 young (4096K), 4 survivors (4096K)
 Metaspace       used 122051K, capacity 125829K, committed 126504K, reserved 1159168K
  class space    used 15746K, capacity 17151K, committed 17528K, reserved 1048576K
}
Event: 515.118 GC heap before
{Heap before GC invocations=37 (full 0):
 garbage-first heap   total 196608K, used 124238K [0x0000000080000000, 0x0000000100000000)
  region size 1024K, 9 young (9216K), 4 survivors (4096K)
 Metaspace       used 122170K, capacity 125943K, committed 126760K, reserved 1159168K
  class space    used 15751K, capacity 17160K, committed 17528K, reserved 1048576K
}
Event: 515.130 GC heap after
{Heap after GC invocations=38 (full 0):
 garbage-first heap   total 196608K, used 111806K [0x0000000080000000, 0x0000000100000000)
  region size 1024K, 2 young (2048K), 2 survivors (2048K)
 Metaspace       used 122170K, capacity 125943K, committed 126760K, reserved 1159168K
  class space    used 15751K, capacity 17160K, committed 17528K, reserved 1048576K
}
Event: 516.950 GC heap before
{Heap before GC invocations=38 (full 0):
 garbage-first heap   total 196608K, used 157886K [0x0000000080000000, 0x0000000100000000)
  region size 1024K, 48 young (49152K), 2 survivors (2048K)
 Metaspace       used 122857K, capacity 126663K, committed 127272K, reserved 1159168K
  class space    used 15764K, capacity 17184K, committed 17528K, reserved 1048576K
}
Event: 516.963 GC heap after
{Heap after GC invocations=39 (full 0):
 garbage-first heap   total 196608K, used 117026K [0x0000000080000000, 0x0000000100000000)
  region size 1024K, 6 young (6144K), 6 survivors (6144K)
 Metaspace       used 122857K, capacity 126663K, committed 127272K, reserved 1159168K
  class space    used 15764K, capacity 17184K, committed 17528K, reserved 1048576K
}
Event: 518.294 GC heap before
{Heap before GC invocations=39 (full 0):
 garbage-first heap   total 196608K, used 131362K [0x0000000080000000, 0x0000000100000000)
  region size 1024K, 22 young (22528K), 6 survivors (6144K)
 Metaspace       used 122967K, capacity 126671K, committed 127272K, reserved 1159168K
  class space    used 15764K, capacity 17185K, committed 17528K, reserved 1048576K
}
Event: 518.328 GC heap after
{Heap after GC invocations=40 (full 0):
 garbage-first heap   total 196608K, used 120619K [0x0000000080000000, 0x0000000100000000)
  region size 1024K, 4 young (4096K), 4 survivors (4096K)
 Metaspace       used 122967K, capacity 126671K, committed 127272K, reserved 1159168K
  class space    used 15764K, capacity 17185K, committed 17528K, reserved 1048576K
}

Deoptimization events (20 events):
Event: 514.983 Thread 0x000002b38122f000 DEOPT PACKING pc=0x000002b3ece65f80 sp=0x000000f2049f7ed0
Event: 514.983 Thread 0x000002b38122f000 DEOPT UNPACKING pc=0x000002b3e4afa1a9 sp=0x000000f2049f7e78 mode 2
Event: 515.019 Thread 0x000002b38122f000 Uncommon trap: trap_request=0xffffffde fr.pc=0x000002b3ecca2848 relative=0x0000000000000968
Event: 515.020 Thread 0x000002b38122f000 Uncommon trap: reason=class_check action=maybe_recompile pc=0x000002b3ecca2848 method=org.gradle.cache.internal.LockOnDemandCrossProcessCacheAccess.incrementLockCount()V @ 97 c2
Event: 515.020 Thread 0x000002b38122f000 DEOPT PACKING pc=0x000002b3ecca2848 sp=0x000000f2049f7340
Event: 515.020 Thread 0x000002b38122f000 DEOPT UNPACKING pc=0x000002b3e4afa1a9 sp=0x000000f2049f7320 mode 2
Event: 515.501 Thread 0x000002b381235000 Uncommon trap: trap_request=0xffffff4d fr.pc=0x000002b3ed078f10 relative=0x0000000000006050
Event: 515.501 Thread 0x000002b381235000 Uncommon trap: reason=unstable_if action=reinterpret pc=0x000002b3ed078f10 method=java.io.ObjectOutputStream.writeOrdinaryObject(Ljava/lang/Object;Ljava/io/ObjectStreamClass;Z)V @ 113 c2
Event: 515.501 Thread 0x000002b381235000 DEOPT PACKING pc=0x000002b3ed078f10 sp=0x000000f204cfe000
Event: 515.501 Thread 0x000002b381235000 DEOPT UNPACKING pc=0x000002b3e4afa1a9 sp=0x000000f204cfdf80 mode 2
Event: 515.764 Thread 0x000002b38122f000 DEOPT PACKING pc=0x000002b3e55254f9 sp=0x000000f2049f90f0
Event: 515.764 Thread 0x000002b38122f000 DEOPT UNPACKING pc=0x000002b3e4afa93f sp=0x000000f2049f85b8 mode 0
Event: 515.913 Thread 0x000002b38122f000 DEOPT PACKING pc=0x000002b3e5fc3ba4 sp=0x000000f2049f9900
Event: 515.913 Thread 0x000002b38122f000 DEOPT UNPACKING pc=0x000002b3e4afa93f sp=0x000000f2049f8e30 mode 0
Event: 515.943 Thread 0x000002b38122f000 Uncommon trap: trap_request=0xffffff4d fr.pc=0x000002b3ed0c27dc relative=0x000000000000095c
Event: 515.943 Thread 0x000002b38122f000 Uncommon trap: reason=unstable_if action=reinterpret pc=0x000002b3ed0c27dc method=java.util.HashMap$ValueSpliterator.forEachRemaining(Ljava/util/function/Consumer;)V @ 75 c2
Event: 515.943 Thread 0x000002b38122f000 DEOPT PACKING pc=0x000002b3ed0c27dc sp=0x000000f2049fb570
Event: 515.943 Thread 0x000002b38122f000 DEOPT UNPACKING pc=0x000002b3e4afa1a9 sp=0x000000f2049fb560 mode 2
Event: 518.141 Thread 0x000002b383acb000 DEOPT PACKING pc=0x000002b3e6979862 sp=0x000000f208bf8c30
Event: 518.141 Thread 0x000002b383acb000 DEOPT UNPACKING pc=0x000002b3e4afa93f sp=0x000000f208bf80c0 mode 0

Classes redefined (0 events):
No events

Internal exceptions (20 events):
Event: 89.962 Thread 0x000002b3fe488800 Exception <a 'sun/nio/fs/WindowsException'{0x000000008a5dc058}> (0x000000008a5dc058) thrown at [src/hotspot/share/prims/jni.cpp, line 617]
Event: 89.962 Thread 0x000002b3fe488800 Exception <a 'sun/nio/fs/WindowsException'{0x000000008a5dc0e0}> (0x000000008a5dc0e0) thrown at [src/hotspot/share/prims/jni.cpp, line 617]
Event: 89.962 Thread 0x000002b3fe488800 Exception <a 'sun/nio/fs/WindowsException'{0x000000008a5dda60}> (0x000000008a5dda60) thrown at [src/hotspot/share/prims/jni.cpp, line 617]
Event: 90.199 Thread 0x000002b3fe488800 Implicit null exception at 0x000002b3ece6e0b0 to 0x000002b3ece6e5bc
Event: 90.515 Thread 0x000002b3fe488800 Implicit null exception at 0x000002b3ecc9fcaf to 0x000002b3ecc9fcfc
Event: 90.628 Thread 0x000002b3fe488800 Implicit null exception at 0x000002b3ecea9a73 to 0x000002b3ecea9dcc
Event: 93.394 Thread 0x000002b3fe75b800 Implicit null exception at 0x000002b3ec5a51f4 to 0x000002b3ec5a56a4
Event: 514.861 Thread 0x000002b38122f000 Implicit null exception at 0x000002b3ece8265c to 0x000002b3ece82b79
Event: 514.861 Thread 0x000002b38122f000 Implicit null exception at 0x000002b3ed0a2372 to 0x000002b3ed0a3938
Event: 515.599 Thread 0x000002b38122f000 Exception <a 'sun/nio/fs/WindowsException'{0x000000008ad597d0}> (0x000000008ad597d0) thrown at [src/hotspot/share/prims/jni.cpp, line 617]
Event: 515.754 Thread 0x000002b38122f000 Exception <a 'java/lang/NoClassDefFoundError'{0x000000008a986ef0}: org/jetbrains/kotlin/gradle/plugin/KotlinBasePluginWrapper> (0x000000008a986ef0) thrown at [src/hotspot/share/oops/constantPool.cpp, line 775]
Event: 515.815 Thread 0x000002b38122f000 Exception <a 'sun/nio/fs/WindowsException'{0x000000008a721cb8}> (0x000000008a721cb8) thrown at [src/hotspot/share/prims/jni.cpp, line 617]
Event: 515.827 Thread 0x000002b38122f000 Exception <a 'sun/nio/fs/WindowsException'{0x000000008a7c5188}> (0x000000008a7c5188) thrown at [src/hotspot/share/prims/jni.cpp, line 617]
Event: 515.828 Thread 0x000002b38122f000 Exception <a 'sun/nio/fs/WindowsException'{0x000000008a7c6510}> (0x000000008a7c6510) thrown at [src/hotspot/share/prims/jni.cpp, line 617]
Event: 515.828 Thread 0x000002b38122f000 Exception <a 'sun/nio/fs/WindowsException'{0x000000008a7c78e8}> (0x000000008a7c78e8) thrown at [src/hotspot/share/prims/jni.cpp, line 617]
Event: 515.828 Thread 0x000002b38122f000 Exception <a 'sun/nio/fs/WindowsException'{0x000000008a7c8cc0}> (0x000000008a7c8cc0) thrown at [src/hotspot/share/prims/jni.cpp, line 617]
Event: 515.943 Thread 0x000002b38122f000 Implicit null exception at 0x000002b3ed0c1ed4 to 0x000002b3ed0c27b8
Event: 518.160 Thread 0x000002b383acb000 Exception <a 'sun/nio/fs/WindowsException'{0x000000008b2c7140}> (0x000000008b2c7140) thrown at [src/hotspot/share/prims/jni.cpp, line 617]
Event: 518.281 Thread 0x000002b383acb000 Exception <a 'sun/nio/fs/WindowsException'{0x000000008b0557e0}> (0x000000008b0557e0) thrown at [src/hotspot/share/prims/jni.cpp, line 617]
Event: 518.282 Thread 0x000002b383acb000 Exception <a 'sun/nio/fs/WindowsException'{0x000000008b0558f0}> (0x000000008b0558f0) thrown at [src/hotspot/share/prims/jni.cpp, line 617]

Events (20 events):
Event: 516.740 Executing VM operation: RevokeBias
Event: 516.740 Executing VM operation: RevokeBias done
Event: 516.740 Executing VM operation: RevokeBias
Event: 516.740 Executing VM operation: RevokeBias done
Event: 516.741 Executing VM operation: RevokeBias
Event: 516.741 Executing VM operation: RevokeBias done
Event: 516.741 Executing VM operation: RevokeBias
Event: 516.741 Executing VM operation: RevokeBias done
Event: 516.741 Executing VM operation: RevokeBias
Event: 516.741 Executing VM operation: RevokeBias done
Event: 516.741 Executing VM operation: BulkRevokeBias
Event: 516.743 Executing VM operation: BulkRevokeBias done
Event: 516.949 Executing VM operation: G1CollectForAllocation
Event: 516.963 Executing VM operation: G1CollectForAllocation done
Event: 517.354 Thread 0x000002b383ac6000 Thread added: 0x000002b383ac6000
Event: 517.354 Thread 0x000002b383acc800 Thread added: 0x000002b383acc800
Event: 517.354 Thread 0x000002b383acf000 Thread added: 0x000002b383acf000
Event: 517.355 Thread 0x000002b383ad0800 Thread added: 0x000002b383ad0800
Event: 518.294 Executing VM operation: G1CollectForAllocation
Event: 518.328 Executing VM operation: G1CollectForAllocation done


Dynamic libraries:
0x00007ff60cf40000 - 0x00007ff60cf4a000 	C:\Program Files\Android\Android Studio\jbr\bin\java.exe
0x00007ffeaf4f0000 - 0x00007ffeaf704000 	C:\Windows\SYSTEM32\ntdll.dll
0x00007ffeae730000 - 0x00007ffeae7f3000 	C:\Windows\System32\KERNEL32.DLL
0x00007ffeac930000 - 0x00007ffeacccc000 	C:\Windows\System32\KERNELBASE.dll
0x00007ffeace60000 - 0x00007ffeacf71000 	C:\Windows\System32\ucrtbase.dll
0x00007ffe81610000 - 0x00007ffe81627000 	C:\Program Files\Android\Android Studio\jbr\bin\jli.dll
0x00007ffe7dd50000 - 0x00007ffe7dd6b000 	C:\Program Files\Android\Android Studio\jbr\bin\VCRUNTIME140.dll
0x00007ffeaed40000 - 0x00007ffeaeeed000 	C:\Windows\System32\USER32.dll
0x00007ffeacf80000 - 0x00007ffeacfa6000 	C:\Windows\System32\win32u.dll
0x00007ffe9b460000 - 0x00007ffe9b6ee000 	C:\Windows\WinSxS\amd64_microsoft.windows.common-controls_6595b64144ccf1df_6.0.22621.608_none_a9444ca7c10bb01d\COMCTL32.dll
0x00007ffeaea00000 - 0x00007ffeaea29000 	C:\Windows\System32\GDI32.dll
0x00007ffeaeae0000 - 0x00007ffeaeb87000 	C:\Windows\System32\msvcrt.dll
0x00007ffead120000 - 0x00007ffead232000 	C:\Windows\System32\gdi32full.dll
0x00007ffeacd50000 - 0x00007ffeacdea000 	C:\Windows\System32\msvcp_win.dll
0x00007ffead300000 - 0x00007ffead332000 	C:\Windows\System32\IMM32.DLL
0x00007ffe95cf0000 - 0x00007ffe95cfc000 	C:\Program Files\Android\Android Studio\jbr\bin\vcruntime140_1.dll
0x00007ffe546e0000 - 0x00007ffe5476d000 	C:\Program Files\Android\Android Studio\jbr\bin\msvcp140.dll
0x00007ffe37b50000 - 0x00007ffe3870c000 	C:\Program Files\Android\Android Studio\jbr\bin\server\jvm.dll
0x00007ffeaea30000 - 0x00007ffeaeade000 	C:\Windows\System32\ADVAPI32.dll
0x00007ffeaefd0000 - 0x00007ffeaf074000 	C:\Windows\System32\sechost.dll
0x00007ffead970000 - 0x00007ffeada85000 	C:\Windows\System32\RPCRT4.dll
0x00007ffeaecb0000 - 0x00007ffeaecb8000 	C:\Windows\System32\PSAPI.DLL
0x00007ffea7730000 - 0x00007ffea7764000 	C:\Windows\SYSTEM32\WINMM.dll
0x00007ffea39a0000 - 0x00007ffea39a9000 	C:\Windows\SYSTEM32\WSOCK32.dll
0x00007ffead350000 - 0x00007ffead3c1000 	C:\Windows\System32\WS2_32.dll
0x00007ffea46e0000 - 0x00007ffea46ea000 	C:\Windows\SYSTEM32\VERSION.dll
0x00007ffeaba70000 - 0x00007ffeaba88000 	C:\Windows\SYSTEM32\kernel.appcore.dll
0x00007ffea3010000 - 0x00007ffea3020000 	C:\Program Files\Android\Android Studio\jbr\bin\verify.dll
0x00007ffea6220000 - 0x00007ffea644e000 	C:\Windows\SYSTEM32\DBGHELP.DLL
0x00007ffeaf0a0000 - 0x00007ffeaf42a000 	C:\Windows\System32\combase.dll
0x00007ffeaeef0000 - 0x00007ffeaefc7000 	C:\Windows\System32\OLEAUT32.dll
0x00007ffe87140000 - 0x00007ffe87172000 	C:\Windows\SYSTEM32\dbgcore.DLL
0x00007ffeaccd0000 - 0x00007ffeacd4b000 	C:\Windows\System32\bcryptPrimitives.dll
0x00007ffe900f0000 - 0x00007ffe90118000 	C:\Program Files\Android\Android Studio\jbr\bin\java.dll
0x00007ffea2b30000 - 0x00007ffea2b3a000 	C:\Program Files\Android\Android Studio\jbr\bin\jimage.dll
0x00007ffe913d0000 - 0x00007ffe913e8000 	C:\Program Files\Android\Android Studio\jbr\bin\zip.dll
0x00007ffeadd00000 - 0x00007ffeae4ef000 	C:\Windows\System32\SHELL32.dll
0x00007ffeaa960000 - 0x00007ffeab228000 	C:\Windows\SYSTEM32\windows.storage.dll
0x00007ffeaa820000 - 0x00007ffeaa95e000 	C:\Windows\SYSTEM32\wintypes.dll
0x00007ffeae4f0000 - 0x00007ffeae5e1000 	C:\Windows\System32\SHCORE.dll
0x00007ffeae800000 - 0x00007ffeae85e000 	C:\Windows\System32\shlwapi.dll
0x00007ffeac860000 - 0x00007ffeac881000 	C:\Windows\SYSTEM32\profapi.dll
0x00007ffe8f080000 - 0x00007ffe8f099000 	C:\Program Files\Android\Android Studio\jbr\bin\net.dll
0x00007ffea5c40000 - 0x00007ffea5d6f000 	C:\Windows\SYSTEM32\WINHTTP.dll
0x00007ffeabee0000 - 0x00007ffeabf49000 	C:\Windows\system32\mswsock.dll
0x00007ffe869a0000 - 0x00007ffe869b3000 	C:\Program Files\Android\Android Studio\jbr\bin\nio.dll
0x00007ffe7c970000 - 0x00007ffe7c997000 	C:\Users\Rastoman\.gradle\native\e1d6ef7f7dcc3fd88c89a11ec53ec762bb8ba0a96d01ffa2cd45eb1d1d8dd5c5\windows-amd64\native-platform.dll
0x00007ffe463e0000 - 0x00007ffe46524000 	C:\Users\Rastoman\.gradle\native\0d407fdbe67a94daf76414ababcb853783967236a71b16ec16e742cd7a986fd3\windows-amd64\native-platform-file-events.dll
0x00007ffea2830000 - 0x00007ffea283a000 	C:\Program Files\Android\Android Studio\jbr\bin\management.dll
0x00007ffe987f0000 - 0x00007ffe987fb000 	C:\Program Files\Android\Android Studio\jbr\bin\management_ext.dll
0x00007ffeac130000 - 0x00007ffeac14b000 	C:\Windows\SYSTEM32\CRYPTSP.dll
0x00007ffeab9e0000 - 0x00007ffeaba15000 	C:\Windows\system32\rsaenh.dll
0x00007ffeabfd0000 - 0x00007ffeabff8000 	C:\Windows\SYSTEM32\USERENV.dll
0x00007ffeac2d0000 - 0x00007ffeac2f8000 	C:\Windows\SYSTEM32\bcrypt.dll
0x00007ffeac150000 - 0x00007ffeac15c000 	C:\Windows\SYSTEM32\CRYPTBASE.dll
0x00007ffeab4f0000 - 0x00007ffeab51d000 	C:\Windows\SYSTEM32\IPHLPAPI.DLL
0x00007ffeaeca0000 - 0x00007ffeaeca9000 	C:\Windows\System32\NSI.dll
0x00007ffea5c20000 - 0x00007ffea5c39000 	C:\Windows\SYSTEM32\dhcpcsvc6.DLL
0x00007ffea5c00000 - 0x00007ffea5c1f000 	C:\Windows\SYSTEM32\dhcpcsvc.DLL
0x00007ffeab560000 - 0x00007ffeab653000 	C:\Windows\SYSTEM32\DNSAPI.dll
0x00007ffe81030000 - 0x00007ffe81057000 	C:\Program Files\Android\Android Studio\jbr\bin\sunec.dll
0x00007ffe9ed80000 - 0x00007ffe9ed8a000 	C:\Windows\System32\rasadhlp.dll
0x00007ffe9ef70000 - 0x00007ffe9eff3000 	C:\Windows\System32\fwpuclnt.dll

dbghelp: loaded successfully - version: 4.0.5 - missing functions: none
symbol engine: initialized successfully - sym options: 0x614 - pdb path: .;C:\Program Files\Android\Android Studio\jbr\bin;C:\Windows\SYSTEM32;C:\Windows\WinSxS\amd64_microsoft.windows.common-controls_6595b64144ccf1df_6.0.22621.608_none_a9444ca7c10bb01d;C:\Program Files\Android\Android Studio\jbr\bin\server;C:\Users\Rastoman\.gradle\native\e1d6ef7f7dcc3fd88c89a11ec53ec762bb8ba0a96d01ffa2cd45eb1d1d8dd5c5\windows-amd64;C:\Users\Rastoman\.gradle\native\0d407fdbe67a94daf76414ababcb853783967236a71b16ec16e742cd7a986fd3\windows-amd64

VM Arguments:
jvm_args: --add-opens=java.base/java.util=ALL-UNNAMED --add-opens=java.base/java.lang=ALL-UNNAMED --add-opens=java.base/java.lang.invoke=ALL-UNNAMED --add-opens=java.base/java.util=ALL-UNNAMED --add-opens=java.prefs/java.util.prefs=ALL-UNNAMED --add-opens=java.prefs/java.util.prefs=ALL-UNNAMED --add-opens=java.base/java.nio.charset=ALL-UNNAMED --add-opens=java.base/java.net=ALL-UNNAMED --add-opens=java.base/java.util.concurrent.atomic=ALL-UNNAMED -Xmx2048m -Dfile.encoding=UTF-8 -Duser.country=RU -Duser.language=ru -Duser.variant 
java_command: org.gradle.launcher.daemon.bootstrap.GradleDaemon 7.5
java_class_path (initial): C:\Users\Rastoman\.gradle\wrapper\dists\gradle-7.5-bin\f1w0cc9nuo0eivz97x2xlu9sv\gradle-7.5\lib\gradle-launcher-7.5.jar
Launcher Type: SUN_STANDARD

[Global flags]
     intx CICompilerCount                          = 3                                         {product} {ergonomic}
     uint ConcGCThreads                            = 1                                         {product} {ergonomic}
     uint G1ConcRefinementThreads                  = 4                                         {product} {ergonomic}
   size_t G1HeapRegionSize                         = 1048576                                   {product} {ergonomic}
    uintx GCDrainStackTargetSize                   = 64                                        {product} {ergonomic}
   size_t InitialHeapSize                          = 201326592                                 {product} {ergonomic}
   size_t MarkStackSize                            = 4194304                                   {product} {ergonomic}
   size_t MaxHeapSize                              = 2147483648                                {product} {command line}
   size_t MaxNewSize                               = 1287651328                                {product} {ergonomic}
   size_t MinHeapDeltaBytes                        = 1048576                                   {product} {ergonomic}
    uintx NonNMethodCodeHeapSize                   = 5830732                                {pd product} {ergonomic}
    uintx NonProfiledCodeHeapSize                  = 122913754                              {pd product} {ergonomic}
    uintx ProfiledCodeHeapSize                     = 122913754                              {pd product} {ergonomic}
    uintx ReservedCodeCacheSize                    = 251658240                              {pd product} {ergonomic}
     bool SegmentedCodeCache                       = true                                      {product} {ergonomic}
     bool UseCompressedClassPointers               = true                                 {lp64_product} {ergonomic}
     bool UseCompressedOops                        = true                                 {lp64_product} {ergonomic}
     bool UseG1GC                                  = true                                      {product} {ergonomic}
     bool UseLargePagesIndividualAllocation        = false                                  {pd product} {ergonomic}

Logging:
Log output configuration:
 #0: stdout all=warning uptime,level,tags
 #1: stderr all=off uptime,level,tags

Environment Variables:
PATH=C:\Program Files\Common Files\Oracle\Java\javapath;C:\Program Files (x86)\Common Files\Oracle\Java\javapath;C:\Windows\system32;C:\Windows;C:\Windows\System32\Wbem;C:\Windows\System32\WindowsPowerShell\v1.0\;C:\Windows\System32\OpenSSH\;C:\Program Files\Microsoft SQL Server\150\Tools\Binn\;C:\Program Files\Microsoft SQL Server\Client SDK\ODBC\170\Tools\Binn\;C:\Program Files\dotnet\;C:\Program Files (x86)\Microsoft SQL Server\160\DTS\Binn\;C:\Program Files\Azure Data Studio\bin;C:\Program Files (x86)\Microsoft SQL Server\160\Tools\Binn\;C:\Program Files\Microsoft SQL Server\160\Tools\Binn\;C:\Program Files\Microsoft SQL Server\160\DTS\Binn\;C:\Users\Rastoman\AppData\Local\Microsoft\WindowsApps;C:\Users\Rastoman\.dotnet\tools;C:\Program Files\Azure Data Studio\bin
USERNAME=Rastoman
OS=Windows_NT
PROCESSOR_IDENTIFIER=AMD64 Family 16 Model 4 Stepping 3, AuthenticAMD



---------------  S Y S T E M  ---------------

OS: Windows 11 , 64 bit Build 22621 (10.0.22621.1194)
OS uptime: 11 days 2:48 hours

CPU:total 4 (initial active 4) (4 cores per cpu, 1 threads per core) family 16 model 4 stepping 3 microcode 0x0, cmov, cx8, fxsr, mmx, sse, sse2, sse3, popcnt, mmxext, 3dnowpref, lzcnt, sse4a, tsc, tscinvbit, tscinv

Memory: 4k page, system-wide physical 12286M (2394M free)
TotalPageFile size 24599M (AvailPageFile size 9782M)
current process WorkingSet (physical memory assigned to process): 527M, peak: 531M
current process commit charge ("private bytes"): 551M, peak: 555M

vm_info: OpenJDK 64-Bit Server VM (11.0.15+0-b2043.56-9505619) for windows-amd64 JRE (11.0.15+0-b2043.56-9505619), built on Jan 19 2023 02:48:00 by "builduser" with unknown MS VC++:1929

END.
